TN:
SF:dist\lib\databaseConfig.js
FN:12,initConnection
FN:27,TestInitConnection
FNF:2
FNH:1
FNDA:0,initConnection
FNDA:1,TestInitConnection
DA:2,1
DA:3,1
DA:4,1
DA:5,1
DA:6,1
DA:7,1
DA:8,1
DA:9,1
DA:10,1
DA:13,0
DA:25,1
DA:28,1
DA:40,1
LF:13
LH:12
BRF:0
BRH:0
end_of_record
TN:
SF:dist\lib\dotenv.js
FN:17,getOrThrow
FN:28,env
FNF:2
FNH:1
FNDA:8,getOrThrow
FNDA:0,env
DA:2,1
DA:3,1
DA:4,1
DA:5,1
DA:7,1
DA:8,1
DA:9,1
DA:10,1
DA:11,1
DA:12,1
DA:14,1
DA:16,1
DA:18,8
DA:19,8
DA:20,0
DA:21,8
DA:29,0
DA:30,0
DA:31,0
DA:33,0
DA:35,1
LF:21
LH:16
BRDA:5,0,0,1
BRDA:5,0,1,0
BRDA:11,1,0,1
BRDA:11,1,1,0
BRDA:19,2,0,0
BRDA:19,2,1,8
BRDA:30,3,0,0
BRDA:30,3,1,0
BRF:8
BRH:3
end_of_record
TN:
SF:dist\lib\fastify.js
FNF:0
FNH:0
DA:2,1
DA:3,1
DA:4,1
DA:5,1
DA:6,1
DA:7,1
DA:8,1
DA:9,1
DA:10,1
DA:11,1
DA:12,1
DA:13,1
LF:12
LH:12
BRF:0
BRH:0
end_of_record
TN:
SF:dist\lib\isUserAuth.js
FN:12,isUserAuthenticated
FNF:1
FNH:1
FNDA:3,isUserAuthenticated
DA:3,1
DA:4,1
DA:15,3
DA:16,3
DA:17,2
DA:18,2
DA:22,1
DA:25,1
LF:8
LH:8
BRDA:17,0,0,2
BRDA:17,0,1,0
BRF:2
BRH:1
end_of_record
TN:
SF:dist\lib\swaggerDoc.js
FNF:0
FNH:0
DA:2,1
DA:3,1
DA:4,1
LF:3
LH:3
BRF:0
BRH:0
end_of_record
TN:
SF:dist\models\Book.js
FN:2,(anonymous_0)
FN:8,(anonymous_1)
FN:18,(anonymous_2)
FN:27,(anonymous_3)
FN:75,(anonymous_4)
FN:75,(anonymous_5)
FN:79,(anonymous_6)
FN:79,(anonymous_7)
FN:83,(anonymous_8)
FN:83,(anonymous_9)
FNF:10
FNH:10
FNDA:13,(anonymous_0)
FNDA:12,(anonymous_1)
FNDA:1,(anonymous_2)
FNDA:1,(anonymous_3)
FNDA:1,(anonymous_4)
FNDA:1,(anonymous_5)
FNDA:1,(anonymous_6)
FNDA:1,(anonymous_7)
FNDA:1,(anonymous_8)
FNDA:1,(anonymous_9)
DA:2,1
DA:3,13
DA:4,13
DA:5,0
DA:6,13
DA:8,1
DA:9,12
DA:11,1
DA:12,1
DA:13,1
DA:14,1
DA:15,1
DA:16,1
DA:18,1
DA:19,1
DA:20,1
DA:21,1
DA:22,1
DA:23,1
DA:27,1
DA:28,1
DA:29,1
DA:30,1
DA:31,1
DA:32,1
DA:33,1
DA:36,1
DA:38,1
DA:42,1
DA:46,1
DA:50,1
DA:54,1
DA:58,1
DA:62,1
DA:66,1
DA:70,1
DA:74,1
DA:75,1
DA:78,1
DA:79,1
DA:82,1
DA:83,1
DA:86,1
DA:89,1
LF:44
LH:43
BRDA:2,0,0,1
BRDA:2,0,1,1
BRDA:2,0,2,1
BRDA:3,1,0,1
BRDA:3,1,1,12
BRDA:3,2,0,0
BRDA:3,2,1,12
BRDA:4,3,0,13
BRDA:4,3,1,0
BRDA:4,4,0,13
BRDA:4,4,1,13
BRDA:5,5,0,0
BRDA:5,5,1,0
BRDA:5,6,0,0
BRDA:5,6,1,0
BRDA:5,7,0,0
BRDA:5,7,1,0
BRDA:5,8,0,0
BRDA:5,8,1,0
BRDA:6,9,0,13
BRDA:6,9,1,12
BRDA:6,9,2,0
BRDA:8,10,0,1
BRDA:8,10,1,1
BRDA:8,10,2,1
BRDA:9,11,0,12
BRDA:9,11,1,0
BRDA:9,12,0,12
BRDA:9,12,1,12
BRDA:24,13,0,1
BRDA:24,13,1,1
BRDA:34,14,0,1
BRDA:34,14,1,1
BRF:33
BRH:21
end_of_record
TN:
SF:dist\models\Chapters.js
FN:2,(anonymous_0)
FN:8,(anonymous_1)
FN:31,(anonymous_2)
FN:31,(anonymous_3)
FN:35,(anonymous_4)
FN:35,(anonymous_5)
FNF:6
FNH:6
FNDA:6,(anonymous_0)
FNDA:5,(anonymous_1)
FNDA:1,(anonymous_2)
FNDA:1,(anonymous_3)
FNDA:1,(anonymous_4)
FNDA:1,(anonymous_5)
DA:2,1
DA:3,6
DA:4,6
DA:5,0
DA:6,6
DA:8,1
DA:9,5
DA:11,1
DA:12,1
DA:13,1
DA:14,1
DA:15,1
DA:16,1
DA:18,1
DA:22,1
DA:26,1
DA:30,1
DA:31,1
DA:34,1
DA:35,1
DA:38,1
DA:41,1
LF:22
LH:21
BRDA:2,0,0,1
BRDA:2,0,1,1
BRDA:2,0,2,1
BRDA:3,1,0,1
BRDA:3,1,1,5
BRDA:3,2,0,0
BRDA:3,2,1,5
BRDA:4,3,0,6
BRDA:4,3,1,0
BRDA:4,4,0,6
BRDA:4,4,1,6
BRDA:5,5,0,0
BRDA:5,5,1,0
BRDA:5,6,0,0
BRDA:5,6,1,0
BRDA:5,7,0,0
BRDA:5,7,1,0
BRDA:5,8,0,0
BRDA:5,8,1,0
BRDA:6,9,0,6
BRDA:6,9,1,5
BRDA:6,9,2,0
BRDA:8,10,0,1
BRDA:8,10,1,1
BRDA:8,10,2,1
BRDA:9,11,0,5
BRDA:9,11,1,0
BRDA:9,12,0,5
BRDA:9,12,1,5
BRF:29
BRH:17
end_of_record
TN:
SF:dist\models\Comments.js
FN:2,(anonymous_0)
FN:8,(anonymous_1)
FN:31,(anonymous_2)
FN:31,(anonymous_3)
FN:35,(anonymous_4)
FN:35,(anonymous_5)
FNF:6
FNH:6
FNDA:6,(anonymous_0)
FNDA:5,(anonymous_1)
FNDA:1,(anonymous_2)
FNDA:1,(anonymous_3)
FNDA:1,(anonymous_4)
FNDA:1,(anonymous_5)
DA:2,1
DA:3,6
DA:4,6
DA:5,0
DA:6,6
DA:8,1
DA:9,5
DA:11,1
DA:12,1
DA:13,1
DA:14,1
DA:15,1
DA:16,1
DA:18,1
DA:22,1
DA:26,1
DA:30,1
DA:31,1
DA:34,1
DA:35,1
DA:38,1
DA:41,1
LF:22
LH:21
BRDA:2,0,0,1
BRDA:2,0,1,1
BRDA:2,0,2,1
BRDA:3,1,0,1
BRDA:3,1,1,5
BRDA:3,2,0,0
BRDA:3,2,1,5
BRDA:4,3,0,6
BRDA:4,3,1,0
BRDA:4,4,0,6
BRDA:4,4,1,6
BRDA:5,5,0,0
BRDA:5,5,1,0
BRDA:5,6,0,0
BRDA:5,6,1,0
BRDA:5,7,0,0
BRDA:5,7,1,0
BRDA:5,8,0,0
BRDA:5,8,1,0
BRDA:6,9,0,6
BRDA:6,9,1,5
BRDA:6,9,2,0
BRDA:8,10,0,1
BRDA:8,10,1,1
BRDA:8,10,2,1
BRDA:9,11,0,5
BRDA:9,11,1,0
BRDA:9,12,0,5
BRDA:9,12,1,5
BRF:29
BRH:17
end_of_record
TN:
SF:dist\models\Personas.js
FN:2,(anonymous_0)
FN:8,(anonymous_1)
FN:31,(anonymous_2)
FN:31,(anonymous_3)
FN:35,(anonymous_4)
FN:35,(anonymous_5)
FNF:6
FNH:6
FNDA:6,(anonymous_0)
FNDA:5,(anonymous_1)
FNDA:1,(anonymous_2)
FNDA:1,(anonymous_3)
FNDA:1,(anonymous_4)
FNDA:1,(anonymous_5)
DA:2,1
DA:3,6
DA:4,6
DA:5,0
DA:6,6
DA:8,1
DA:9,5
DA:11,1
DA:12,1
DA:13,1
DA:14,1
DA:15,1
DA:16,1
DA:18,1
DA:22,1
DA:26,1
DA:30,1
DA:31,1
DA:34,1
DA:35,1
DA:38,1
DA:41,1
LF:22
LH:21
BRDA:2,0,0,1
BRDA:2,0,1,1
BRDA:2,0,2,1
BRDA:3,1,0,1
BRDA:3,1,1,5
BRDA:3,2,0,0
BRDA:3,2,1,5
BRDA:4,3,0,6
BRDA:4,3,1,0
BRDA:4,4,0,6
BRDA:4,4,1,6
BRDA:5,5,0,0
BRDA:5,5,1,0
BRDA:5,6,0,0
BRDA:5,6,1,0
BRDA:5,7,0,0
BRDA:5,7,1,0
BRDA:5,8,0,0
BRDA:5,8,1,0
BRDA:6,9,0,6
BRDA:6,9,1,5
BRDA:6,9,2,0
BRDA:8,10,0,1
BRDA:8,10,1,1
BRDA:8,10,2,1
BRDA:9,11,0,5
BRDA:9,11,1,0
BRDA:9,12,0,5
BRDA:9,12,1,5
BRF:29
BRH:17
end_of_record
TN:
SF:dist\models\Users.js
FN:2,(anonymous_0)
FN:8,(anonymous_1)
FN:19,(anonymous_2)
FN:26,(anonymous_3)
FN:52,(anonymous_4)
FN:52,(anonymous_5)
FNF:6
FNH:6
FNDA:8,(anonymous_0)
FNDA:9,(anonymous_1)
FNDA:4,(anonymous_2)
FNDA:3,(anonymous_3)
FNDA:1,(anonymous_4)
FNDA:1,(anonymous_5)
DA:2,1
DA:3,8
DA:4,8
DA:5,0
DA:6,8
DA:8,1
DA:9,9
DA:11,1
DA:12,1
DA:13,1
DA:14,1
DA:15,1
DA:17,1
DA:21,4
DA:22,4
DA:23,4
DA:27,3
DA:28,3
DA:31,1
DA:35,1
DA:39,1
DA:43,1
DA:47,1
DA:51,1
DA:52,1
DA:55,1
DA:62,1
DA:65,1
LF:28
LH:27
BRDA:2,0,0,1
BRDA:2,0,1,1
BRDA:2,0,2,1
BRDA:3,1,0,1
BRDA:3,1,1,7
BRDA:3,2,0,1
BRDA:3,2,1,6
BRDA:4,3,0,8
BRDA:4,3,1,0
BRDA:4,4,0,8
BRDA:4,4,1,8
BRDA:5,5,0,0
BRDA:5,5,1,0
BRDA:5,6,0,0
BRDA:5,6,1,0
BRDA:5,7,0,0
BRDA:5,7,1,0
BRDA:5,8,0,0
BRDA:5,8,1,0
BRDA:6,9,0,8
BRDA:6,9,1,7
BRDA:6,9,2,1
BRDA:8,10,0,1
BRDA:8,10,1,1
BRDA:8,10,2,1
BRDA:9,11,0,9
BRDA:9,11,1,0
BRDA:9,12,0,9
BRDA:9,12,1,9
BRF:29
BRH:19
end_of_record
TN:
SF:dist\routes\auth.js
FN:9,authRoutes
FN:19,(anonymous_1)
FN:38,(anonymous_2)
FN:71,(anonymous_3)
FNF:4
FNH:3
FNDA:1,authRoutes
FNDA:4,(anonymous_1)
FNDA:4,(anonymous_2)
FNDA:0,(anonymous_3)
DA:2,1
DA:3,1
DA:4,1
DA:5,1
DA:6,1
DA:7,1
DA:8,1
DA:10,1
DA:11,1
DA:13,1
DA:22,4
DA:27,4
DA:28,4
DA:32,1
DA:39,4
DA:40,4
DA:42,4
DA:44,4
DA:45,1
DA:51,3
DA:52,0
DA:59,3
DA:60,3
DA:67,1
DA:72,0
DA:73,0
DA:77,1
LF:27
LH:24
BRDA:44,0,0,1
BRDA:44,0,1,3
BRDA:51,1,0,0
BRDA:51,1,1,3
BRF:4
BRH:3
end_of_record
TN:
SF:dist\routes\book.js
FN:9,bookRoutes
FN:18,(anonymous_1)
FN:33,(anonymous_2)
FNF:3
FNH:2
FNDA:1,bookRoutes
FNDA:1,(anonymous_1)
FNDA:0,(anonymous_2)
DA:2,1
DA:3,1
DA:4,1
DA:5,1
DA:6,1
DA:7,1
DA:10,1
DA:12,1
DA:19,1
DA:20,1
DA:21,1
DA:26,1
DA:34,0
DA:35,0
DA:36,0
DA:40,0
DA:44,1
LF:17
LH:13
BRF:0
BRH:0
end_of_record
TN:
SF:dist\routes\user.js
FN:11,userRoutes
FN:21,(anonymous_1)
FN:38,(anonymous_2)
FN:55,(anonymous_3)
FN:82,(anonymous_4)
FN:110,(anonymous_5)
FN:193,(anonymous_6)
FNF:7
FNH:3
FNDA:1,userRoutes
FNDA:1,(anonymous_1)
FNDA:0,(anonymous_2)
FNDA:0,(anonymous_3)
FNDA:1,(anonymous_4)
FNDA:0,(anonymous_5)
FNDA:0,(anonymous_6)
DA:2,1
DA:3,1
DA:4,1
DA:5,1
DA:6,1
DA:7,1
DA:8,1
DA:9,1
DA:10,1
DA:12,1
DA:13,1
DA:17,1
DA:23,1
DA:24,1
DA:25,0
DA:28,1
DA:29,1
DA:30,1
DA:34,1
DA:40,0
DA:41,0
DA:42,0
DA:43,0
DA:48,1
DA:57,0
DA:58,0
DA:59,0
DA:60,0
DA:64,0
DA:65,0
DA:68,0
DA:73,1
DA:83,1
DA:85,1
DA:86,1
DA:97,1
DA:98,1
DA:102,1
DA:112,0
DA:113,0
DA:115,0
DA:117,0
DA:119,0
DA:131,0
DA:132,0
DA:133,0
DA:134,0
DA:135,0
DA:136,0
DA:137,0
DA:138,0
DA:140,0
DA:141,0
DA:144,0
DA:187,1
DA:195,0
DA:197,0
DA:198,0
DA:200,0
DA:203,0
DA:204,0
DA:205,0
DA:211,0
DA:221,1
LF:64
LH:28
BRDA:24,0,0,0
BRDA:24,0,1,1
BRDA:30,1,0,0
BRDA:30,1,1,1
BRDA:30,2,0,1
BRDA:30,2,1,1
BRDA:30,3,0,0
BRDA:30,3,1,1
BRDA:30,4,0,1
BRDA:30,4,1,1
BRDA:30,5,0,0
BRDA:30,5,1,1
BRDA:30,6,0,1
BRDA:30,6,1,1
BRDA:64,7,0,0
BRDA:64,7,1,0
BRDA:64,8,0,0
BRDA:64,8,1,0
BRDA:64,9,0,0
BRDA:64,9,1,0
BRDA:131,10,0,0
BRDA:131,10,1,0
BRDA:131,11,0,0
BRDA:131,11,1,0
BRDA:131,12,0,0
BRDA:131,12,1,0
BRDA:203,13,0,0
BRDA:203,13,1,0
BRDA:203,14,0,0
BRDA:203,14,1,0
BRDA:203,15,0,0
BRDA:203,15,1,0
BRF:32
BRH:10
end_of_record
TN:
SF:dist\shared\constants.js
FN:5,(anonymous_0)
FN:14,(anonymous_1)
FNF:2
FNH:2
FNDA:1,(anonymous_0)
FNDA:1,(anonymous_1)
DA:2,1
DA:3,1
DA:5,1
DA:6,1
DA:7,1
DA:8,1
DA:9,1
DA:10,1
DA:14,1
DA:15,1
DA:16,1
DA:17,1
DA:18,1
DA:19,1
DA:20,1
DA:22,1
LF:16
LH:16
BRDA:11,0,0,1
BRDA:11,0,1,1
BRDA:21,1,0,1
BRDA:21,1,1,1
BRF:4
BRH:4
end_of_record
TN:
SF:dist\specs\sample.js
FN:4,(anonymous_0)
FN:5,(anonymous_1)
FN:6,(anonymous_2)
FNF:3
FNH:3
FNDA:1,(anonymous_0)
FNDA:1,(anonymous_1)
FNDA:1,(anonymous_2)
DA:2,1
DA:3,1
DA:4,1
DA:5,1
DA:6,1
DA:7,1
LF:6
LH:6
BRF:0
BRH:0
end_of_record
TN:
SF:dist\specs\spec-helper.js
FN:5,(anonymous_0)
FN:10,clearDB
FNF:2
FNH:2
FNDA:1,(anonymous_0)
FNDA:1,clearDB
DA:2,1
DA:3,1
DA:4,1
DA:5,1
DA:6,1
DA:7,1
DA:8,1
DA:12,1
DA:13,1
DA:15,1
DA:16,5
DA:18,5
DA:19,5
DA:20,5
DA:22,0
DA:24,0
DA:25,0
DA:26,0
DA:29,1
LF:19
LH:15
BRDA:16,0,0,5
BRDA:16,0,1,0
BRDA:22,1,0,0
BRDA:22,1,1,0
BRF:4
BRH:1
end_of_record
TN:
SF:dist\specs\models\book-helper.spec.js
FNF:0
FNH:0
LF:0
LH:0
BRF:0
BRH:0
end_of_record
TN:
SF:dist\specs\models\book.spec.js
FN:8,(anonymous_0)
FN:9,(anonymous_1)
FN:10,(anonymous_2)
FN:14,(anonymous_3)
FN:21,(anonymous_4)
FNF:5
FNH:5
FNDA:1,(anonymous_0)
FNDA:1,(anonymous_1)
FNDA:1,(anonymous_2)
FNDA:1,(anonymous_3)
FNDA:1,(anonymous_4)
DA:2,1
DA:3,1
DA:4,1
DA:5,1
DA:6,1
DA:8,1
DA:9,1
DA:10,1
DA:11,1
DA:12,1
DA:14,1
DA:15,1
DA:19,1
DA:21,1
DA:22,1
DA:27,1
DA:28,1
LF:17
LH:17
BRF:0
BRH:0
end_of_record
TN:
SF:dist\specs\models\userBooks.spec.js
FN:5,(anonymous_0)
FN:6,(anonymous_1)
FN:45,(anonymous_2)
FN:46,(anonymous_3)
FN:70,(anonymous_4)
FNF:5
FNH:5
FNDA:1,(anonymous_0)
FNDA:1,(anonymous_1)
FNDA:1,(anonymous_2)
FNDA:1,(anonymous_3)
FNDA:1,(anonymous_4)
DA:2,1
DA:3,1
DA:4,1
DA:5,1
DA:6,1
DA:7,1
DA:12,1
DA:45,1
DA:46,1
DA:48,1
DA:52,1
DA:57,1
DA:59,1
DA:65,1
DA:66,1
DA:67,1
DA:68,1
DA:70,1
DA:72,1
DA:76,1
DA:81,1
DA:83,1
DA:94,1
DA:100,1
DA:101,1
DA:102,1
LF:26
LH:26
BRF:0
BRH:0
end_of_record
TN:
SF:dist\specs\models\users.spec.js
FN:6,(anonymous_0)
FN:7,(anonymous_1)
FN:8,(anonymous_2)
FN:20,(anonymous_3)
FN:34,(anonymous_4)
FN:35,(anonymous_5)
FN:42,(anonymous_6)
FN:66,(anonymous_7)
FNF:8
FNH:8
FNDA:1,(anonymous_0)
FNDA:1,(anonymous_1)
FNDA:1,(anonymous_2)
FNDA:1,(anonymous_3)
FNDA:1,(anonymous_4)
FNDA:1,(anonymous_5)
FNDA:1,(anonymous_6)
FNDA:1,(anonymous_7)
DA:2,1
DA:3,1
DA:4,1
DA:5,1
DA:6,1
DA:7,1
DA:8,1
DA:9,1
DA:12,1
DA:17,1
DA:18,1
DA:20,1
DA:21,1
DA:26,1
DA:31,1
DA:34,1
DA:35,1
DA:36,1
DA:40,1
DA:42,1
DA:44,1
DA:49,1
DA:55,1
DA:59,1
DA:64,1
DA:66,1
DA:68,1
DA:73,1
DA:79,1
DA:83,1
DA:88,1
LF:31
LH:31
BRF:0
BRH:0
end_of_record
TN:
SF:dist\specs\routes\auth.js
FNF:0
FNH:0
LF:0
LH:0
BRF:0
BRH:0
end_of_record
TN:
SF:dist\specs\routes\book.spec.js
FNF:0
FNH:0
DA:2,1
LF:1
LH:1
BRF:0
BRH:0
end_of_record
TN:
SF:dist\specs\routes\privateRoutes.spec.js
FNF:0
FNH:0
LF:0
LH:0
BRF:0
BRH:0
end_of_record
